[16:19:57] [User Authenticator #59/INFO]: UUID of player _CryFox_ is e05a61fe-9799-4469-8b2b-5b45c183ce15
[16:19:57] [Server thread/INFO]: _CryFox_[/192.168.1.1:51016] logged in with entity id 126510 at (-1194.932163335615, 64.0, 307.69999998807907)
[16:19:57] [Server thread/INFO]: _CryFox_ joined the game
[16:20:38] [Server thread/INFO]: [_CryFox_: Set the time to 1000]
[16:22:00] [Server thread/WARN]: _CryFox_ moved too quickly! -9.859819412231445,-5.199999928474426,-5.702726240671041
[16:22:05] [Server thread/WARN]: _CryFox_ moved too quickly! -8.79567992310831,-0.19999992847442627,-10.834164738417314
[16:22:11] [Server thread/WARN]: _CryFox_ moved too quickly! -115.09586687050546,-17.16274525165558,122.3418794816514
[16:22:19] [Server thread/WARN]: _CryFox_ moved too quickly! -53.87703720557488,-14.650421626296605,101.79862636608794
[16:22:27] [Server thread/WARN]: _CryFox_ moved too quickly! -26.93947982788086,-46.786305490775746,81.4945068359375
[16:22:57] [Server thread/INFO]: _CryFox_ fell out of the world
[16:22:57] [Server thread/INFO]: [_CryFox_: Killed _CryFox_]
[16:23:17] [Server thread/INFO]: _CryFox_ fell out of the world
[16:23:17] [Server thread/INFO]: [_CryFox_: Killed _CryFox_]
[16:23:51] [Server thread/WARN]: _CryFox_ moved too quickly! 173.75363159179688,80.74829830169676,11.862516403198242
[16:23:54] [Server thread/WARN]: _CryFox_ moved too quickly! 163.18241238908365,100.23992122650145,13.688815016432443
[16:23:59] [Server thread/WARN]: _CryFox_ moved too quickly! 130.5040096509956,76.40516052246093,8.206143863666398
[16:24:13] [Server thread/WARN]: _CryFox_ moved too quickly! -127.24842689294468,-77.49746092965728,51.30912526191048
[16:24:21] [Server thread/WARN]: _CryFox_ moved too quickly! -75.45971481734989,-0.4061788546953409,55.80947535552622
[16:24:50] [Server thread/WARN]: _CryFox_ moved too quickly! -89.14635467529297,13.972661628723145,169.46827697753906
[16:25:07] [Server thread/WARN]: _CryFox_ moved too quickly! -61.199127197265625,33.906974449157715,178.78382873535156
[16:25:09] [Server thread/WARN]: _CryFox_ moved too quickly! 0.0,193.12159992694853,0.0
[16:25:53] [Server thread/WARN]: _CryFox_ moved too quickly! 0.0,-23.47756855482112,0.0
[16:26:45] [Server thread/INFO]: _CryFox_ fell out of the world
[16:26:45] [Server thread/INFO]: [_CryFox_: Killed _CryFox_]
[16:26:46] [Server thread/WARN]: _CryFox_ moved too quickly! -226.64725648478765,-2874.2073462164567,-55.18468423653553
[16:27:05] [Server thread/WARN]: _CryFox_ moved too quickly! 0.0,193.12159992694853,0.0
[16:28:06] [Server thread/INFO]: _CryFox_ fell out of the world
[16:28:06] [Server thread/INFO]: [_CryFox_: Killed _CryFox_]
[16:28:44] [Server thread/WARN]: _CryFox_ moved too quickly! 3.6006693840026855,192.60678364276885,13.58188247680664
[16:28:52] [Server thread/WARN]: _CryFox_ moved too quickly! 0.0,25.13253338955292,0.0
[16:30:38] [Server thread/INFO]: [_CryFox_: Teleported _CryFox_ to _CryFox_]
[16:33:01] [Server thread/INFO]: <_CryFox_> wf
[16:33:02] [Server thread/INFO]: <_CryFox_> w
[16:33:02] [Server thread/INFO]: <_CryFox_> d
[16:33:03] [Server thread/INFO]: <_CryFox_> wd
[16:33:03] [Server thread/INFO]: <_CryFox_> a
[16:33:04] [Server thread/INFO]: <_CryFox_> w
[16:33:04] [Server thread/INFO]: <_CryFox_> da
[16:35:16] [Server thread/INFO]: [_CryFox_: Set the weather to rain]
[16:35:34] [Server thread/WARN]: _CryFox_ moved too quickly! 0.0,193.12159992694853,0.0
[16:35:53] [Server thread/WARN]: _CryFox_ moved too quickly! 0.0,-16.916050367848584,0.0
[16:37:49] [Server thread/INFO]: _CryFox_ fell out of the world
[16:37:49] [Server thread/INFO]: [_CryFox_: Killed _CryFox_]
[16:38:24] [Server thread/INFO]: [_CryFox_: Set the weather to clear]
[16:38:36] [Server thread/INFO]: [_CryFox_: Set the time to 1000]
[16:38:47] [Server thread/INFO]: [_CryFox_: Set own game mode to Survival Mode]
[16:39:35] [Server thread/INFO]: [_CryFox_: Set own game mode to Creative Mode]
[16:40:00] [Server thread/INFO]: _CryFox_ lost connection: Disconnected
[16:40:00] [Server thread/INFO]: _CryFox_ left the game
[16:43:33] [User Authenticator #60/INFO]: UUID of player Sam_Clyde is 7815d9f8-f5c9-4225-a14b-09d270d6fdf8
[16:43:33] [Server thread/INFO]: Sam_Clyde[/67.249.90.120:50063] logged in with entity id 130034 at (299.3940217928277, 68.36819527715333, 251.74989632129865)
[16:43:33] [Server thread/INFO]: Sam_Clyde joined the game
[16:43:41] [User Authenticator #61/INFO]: UUID of player _CryFox_ is e05a61fe-9799-4469-8b2b-5b45c183ce15
[16:43:41] [Server thread/INFO]: _CryFox_[/192.168.1.1:55900] logged in with entity id 130065 at (251.64642865416903, 73.42333169505321, 229.78676528704517)
[16:43:41] [Server thread/INFO]: _CryFox_ joined the game
[16:45:11] [Server thread/INFO]: Villager bfj['Armorer'/4609, l='ServerLevel[Creative2021]', x=259.30, y=66.50, z=281.55] died, message: 'Armorer was slain by Zombie Villager'
[16:46:29] [Server thread/INFO]: [Sam_Clyde: Set the weather to clear]
[16:48:59] [Server thread/WARN]: Can't keep up! Is the server overloaded? Running 2078ms or 41 ticks behind
[16:48:59] [Server thread/INFO]: Sam_Clyde lost connection: Disconnected
[16:48:59] [Server thread/INFO]: Sam_Clyde left the game
[16:53:39] [Server thread/WARN]: _CryFox_ moved too quickly! -129.74103047409915,88.04584228515625,110.87087595480438
[17:02:02] [Server thread/INFO]: [_CryFox_: Set the weather to clear]
[17:03:52] [Server thread/WARN]: _CryFox_ moved too quickly! -8.512596683615143,5.200000047683716,1.0625796911156935
[17:03:52] [Server thread/WARN]: Can't keep up! Is the server overloaded? Running 2433ms or 48 ticks behind
[17:04:09] [Server thread/INFO]: _CryFox_ lost connection: Disconnected
[17:04:09] [Server thread/INFO]: _CryFox_ left the game
[17:04:59] [User Authenticator #62/INFO]: UUID of player _CryFox_ is e05a61fe-9799-4469-8b2b-5b45c183ce15
[17:04:59] [Server thread/INFO]: _CryFox_[/192.168.1.1:55976] logged in with entity id 132684 at (7.475066312216407, 78.98980951140787, -38.80000001192093)
[17:04:59] [Server thread/INFO]: _CryFox_ joined the game
[17:09:28] [Server thread/INFO]: _CryFox_ lost connection: Disconnected
[17:09:28] [Server thread/INFO]: _CryFox_ left the game
